# JRE version: OpenJDK Runtime Environment (26.0+35) (build 26+35-2893)
# Java VM: OpenJDK 64-Bit Server VM (26+35-2893, mixed mode, sharing, tiered, compressed oops, compressed class ptrs, g1 gc, windows-amd64)
GC Precious Log:
 CardTable entry size: 512
 Card Set container configuration: InlinePtr #cards 4 size 8 Array Of Cards #cards 16 size 48 Howl #buckets 8 coarsen threshold 3686 Howl Bitmap #cards 512 size 80 coarsen threshold 460 Card regions per heap region 1 cards per card region 4096
 CPUs: 8 total, 8 available
 Memory: 16167M
 Large Page Support: Disabled
 NUMA Support: Disabled
 Compressed Oops: Enabled (Zero based)
 Heap Region Size: 2M
 Heap Min Capacity: 8M
 Heap Initial Capacity: 8M
 Heap Max Capacity: 4042M
 Pre-touch: Disabled
 Parallel Workers: 8
 Concurrent Workers: 2
 Concurrent Refinement Workers: 8
 Periodic GC: Disabled
Heap:
 garbage-first heap   total reserved 4139008K, committed 26624K, used 13513K [0x0000000703600000, 0x0000000800000000)
  region size 2M, 5 eden (10M), 1 survivor (2M), 2 old (4M), 0 humongous (0M), 5 free (10M)
GC Heap Usage History (12 events):
Event: 0.295 {heap Before GC invocations=0 (full 0):
 garbage-first heap   total reserved 4139008K, committed 10240K, used 3231K [0x0000000703600000, 0x0000000800000000)
  region size 2M, 2 eden (4M), 0 survivor (0M), 1 old (2M), 0 humongous (0M), 2 free (4M)
}
Event: 0.297 {heap After GC invocations=1 (full 0):
 garbage-first heap   total reserved 4139008K, committed 10240K, used 3012K [0x0000000703600000, 0x0000000800000000)
  region size 2M, 0 eden (0M), 1 survivor (2M), 1 old (2M), 0 humongous (0M), 3 free (6M)
}
Event: 0.380 {heap Before GC invocations=1 (full 0):
 garbage-first heap   total reserved 4139008K, committed 10240K, used 5060K [0x0000000703600000, 0x0000000800000000)
  region size 2M, 1 eden (2M), 1 survivor (2M), 1 old (2M), 0 humongous (0M), 2 free (4M)
}
Event: 0.383 {heap After GC invocations=2 (full 0):
 garbage-first heap   total reserved 4139008K, committed 10240K, used 3586K [0x0000000703600000, 0x0000000800000000)
  region size 2M, 0 eden (0M), 1 survivor (2M), 2 old (4M), 0 humongous (0M), 2 free (4M)
}
Event: 0.425 {heap Before GC invocations=2 (full 0):
 garbage-first heap   total reserved 4139008K, committed 10240K, used 5634K [0x0000000703600000, 0x0000000800000000)
  region size 2M, 1 eden (2M), 1 survivor (2M), 2 old (4M), 0 humongous (0M), 1 free (2M)
}
Event: 0.427 {heap After GC invocations=3 (full 0):
 garbage-first heap   total reserved 4139008K, committed 10240K, used 3484K [0x0000000703600000, 0x0000000800000000)
  region size 2M, 0 eden (0M), 1 survivor (2M), 2 old (4M), 0 humongous (0M), 2 free (4M)
}
Event: 0.498 {heap Before GC invocations=4 (full 0):
 garbage-first heap   total reserved 4139008K, committed 10240K, used 5532K [0x0000000703600000, 0x0000000800000000)
  region size 2M, 1 eden (2M), 1 survivor (2M), 2 old (4M), 0 humongous (0M), 1 free (2M)
}
Event: 0.499 {heap After GC invocations=5 (full 0):
 garbage-first heap   total reserved 4139008K, committed 10240K, used 3870K [0x0000000703600000, 0x0000000800000000)
  region size 2M, 0 eden (0M), 1 survivor (2M), 2 old (4M), 0 humongous (0M), 2 free (4M)
}
Event: 0.533 {heap Before GC invocations=5 (full 0):
 garbage-first heap   total reserved 4139008K, committed 10240K, used 5918K [0x0000000703600000, 0x0000000800000000)
  region size 2M, 1 eden (2M), 1 survivor (2M), 2 old (4M), 0 humongous (0M), 1 free (2M)
}
Event: 0.539 {heap After GC invocations=6 (full 0):
 garbage-first heap   total reserved 4139008K, committed 26624K, used 4869K [0x0000000703600000, 0x0000000800000000)
  region size 2M, 0 eden (0M), 1 survivor (2M), 2 old (4M), 0 humongous (0M), 10 free (20M)
}
Event: 0.840 {heap Before GC invocations=6 (full 0):
 garbage-first heap   total reserved 4139008K, committed 26624K, used 13061K [0x0000000703600000, 0x0000000800000000)
  region size 2M, 5 eden (10M), 1 survivor (2M), 2 old (4M), 0 humongous (0M), 5 free (10M)
}
Event: 0.844 {heap After GC invocations=7 (full 0):
 garbage-first heap   total reserved 4139008K, committed 26624K, used 5321K [0x0000000703600000, 0x0000000800000000)
  region size 2M, 0 eden (0M), 1 survivor (2M), 2 old (4M), 0 humongous (0M), 10 free (20M)
}

